<?xml version="1.0" encoding="UTF-8"?>
<!-- Generated by org.testng.reporters.JUnitReportReporter -->
<testsuite hostname="LAPTOP-GQSAKUUJ" failures="0" tests="2" name="com.Testcode.GetandPOST" time="4.176" errors="0" timestamp="2021-06-16T11:06:08 IST" skipped="0">
  <testcase classname="com.Testcode.GetandPOST" name="Test_1" time="3.464"/>
  <system-out/>
  <testcase classname="com.Testcode.GetandPOST" name="Test_2" time="0.712"/>
  <system-out/>
</testsuite> <!-- com.Testcode.GetandPOST -->
